<?xml version="1.0" encoding="UTF-8"?>
<testng-results ignored="0" total="2" passed="2" failed="0" skipped="0">
  <reporter-output>
  </reporter-output>
  <suite started-at="2024-03-25T21:35:53 EDT" name="Default suite" finished-at="2024-03-25T21:36:09 EDT" duration-ms="16275">
    <groups>
    </groups>
    <test started-at="2024-03-25T21:35:53 EDT" name="Default test" finished-at="2024-03-25T21:36:09 EDT" duration-ms="16275">
      <class name="com.ITlearn.testcases.LoginDataprovider$LoginDataProvider">
        <test-method is-config="true" signature="setUpSuite()[pri:0, instance:com.ITlearn.testcases.LoginDataprovider$LoginDataProvider@2a265ea9]" started-at="2024-03-25T21:35:53 EDT" name="setUpSuite" finished-at="2024-03-25T21:35:53 EDT" duration-ms="27" status="PASS">
          <reporter-output>
          </reporter-output>
        </test-method> <!-- setUpSuite -->
        <test-method is-config="true" signature="setUp()[pri:0, instance:com.ITlearn.testcases.LoginDataprovider$LoginDataProvider@2a265ea9]" started-at="2024-03-25T21:35:53 EDT" name="setUp" finished-at="2024-03-25T21:35:59 EDT" duration-ms="6058" status="PASS">
          <reporter-output>
          </reporter-output>
        </test-method> <!-- setUp -->
        <test-method signature="verify(java.lang.String,java.lang.String)[pri:0, instance:com.ITlearn.testcases.LoginDataprovider$LoginDataProvider@2a265ea9]" started-at="2024-03-25T21:36:02 EDT" name="verify" data-provider="LoginDataProvider" finished-at="2024-03-25T21:36:05 EDT" duration-ms="3288" status="PASS">
          <params>
            <param index="0">
              <value>
                <![CDATA[Demo12]]>
              </value>
            </param>
            <param index="1">
              <value>
                <![CDATA[Test123456$]]>
              </value>
            </param>
          </params>
          <reporter-output>
          </reporter-output>
        </test-method> <!-- verify -->
        <test-method signature="verify(java.lang.String,java.lang.String)[pri:0, instance:com.ITlearn.testcases.LoginDataprovider$LoginDataProvider@2a265ea9]" started-at="2024-03-25T21:36:05 EDT" name="verify" data-provider="LoginDataProvider" finished-at="2024-03-25T21:36:09 EDT" duration-ms="3781" status="PASS">
          <params>
            <param index="0">
              <value>
                <![CDATA[Demo12]]>
              </value>
            </param>
            <param index="1">
              <value>
                <![CDATA[Test123456$]]>
              </value>
            </param>
          </params>
          <reporter-output>
          </reporter-output>
        </test-method> <!-- verify -->
        <test-method is-config="true" signature="tearDown()[pri:0, instance:com.ITlearn.testcases.LoginDataprovider$LoginDataProvider@2a265ea9]" started-at="2024-03-25T21:36:09 EDT" name="tearDown" finished-at="2024-03-25T21:36:09 EDT" duration-ms="464" status="PASS">
          <reporter-output>
          </reporter-output>
        </test-method> <!-- tearDown -->
      </class> <!-- com.ITlearn.testcases.LoginDataprovider$LoginDataProvider -->
    </test> <!-- Default test -->
  </suite> <!-- Default suite -->
</testng-results>
