<?xml version="1.0" encoding="UTF-8"?>
<!-- Generated by org.testng.reporters.JUnitXMLReporter -->
<testsuite ignored="0" hostname="Laptopp" failures="0" tests="2" name="Default test" time="16.275" errors="0" timestamp="2024-03-25T21:36:10 EDT">
  <testcase classname="com.ITlearn.testcases.LoginDataprovider$LoginDataProvider" name="verify" time="3.288"/>
  <testcase classname="com.ITlearn.testcases.LoginDataprovider$LoginDataProvider" name="verify" time="3.781"/>
</testsuite> <!-- Default test -->
